D:\USER\DOWNLOADS\PROJECTS\VS2012\C++\SIMPLE_DIGITS_MULTITREADS\SIMPLE_DIGITS_MULTITREADS\DEBUG\MAIN.OBJ
D:\USER\DOWNLOADS\PROJECTS\VS2012\C++\SIMPLE_DIGITS_MULTITREADS\SIMPLE_DIGITS_MULTITREADS\DEBUG\VC110.PDB
D:\__DOCS_PROJECTS\VS2012\CPP\SIMPLE_DIGITS_MULTITREADS\SIMPLE_DIGITS_MULTITREADS\DEBUG\VC110.PDB
D:\USER\DOWNLOADS\PROJECTS\VS2012\C++\SIMPLE_DIGITS_MULTITREADS\DEBUG\SIMPLE_DIGITS_MULTITREADS.ILK
D:\USER\DOWNLOADS\PROJECTS\VS2012\C++\SIMPLE_DIGITS_MULTITREADS\DEBUG\SIMPLE_DIGITS_MULTITREADS.EXE
D:\USER\DOWNLOADS\PROJECTS\VS2012\C++\SIMPLE_DIGITS_MULTITREADS\DEBUG\SIMPLE_DIGITS_MULTITREADS.PDB
D:\__DOCS_PROJECTS\VS2012\Cpp\simple_digits_multitreads\simple_digits_multitreads\Debug\cl.command.1.tlog
D:\__DOCS_PROJECTS\VS2012\Cpp\simple_digits_multitreads\simple_digits_multitreads\Debug\CL.read.1.tlog
D:\__DOCS_PROJECTS\VS2012\Cpp\simple_digits_multitreads\simple_digits_multitreads\Debug\CL.write.1.tlog
D:\__DOCS_PROJECTS\VS2012\Cpp\simple_digits_multitreads\simple_digits_multitreads\Debug\link-cvtres.read.1.tlog
D:\__DOCS_PROJECTS\VS2012\Cpp\simple_digits_multitreads\simple_digits_multitreads\Debug\link-cvtres.write.1.tlog
D:\__DOCS_PROJECTS\VS2012\Cpp\simple_digits_multitreads\simple_digits_multitreads\Debug\link-rc.read.1.tlog
D:\__DOCS_PROJECTS\VS2012\Cpp\simple_digits_multitreads\simple_digits_multitreads\Debug\link-rc.write.1.tlog
D:\__DOCS_PROJECTS\VS2012\Cpp\simple_digits_multitreads\simple_digits_multitreads\Debug\link.11688-cvtres.read.1.tlog
D:\__DOCS_PROJECTS\VS2012\Cpp\simple_digits_multitreads\simple_digits_multitreads\Debug\link.11688-cvtres.write.1.tlog
D:\__DOCS_PROJECTS\VS2012\Cpp\simple_digits_multitreads\simple_digits_multitreads\Debug\link.11688-rc.read.1.tlog
D:\__DOCS_PROJECTS\VS2012\Cpp\simple_digits_multitreads\simple_digits_multitreads\Debug\link.11688-rc.write.1.tlog
D:\__DOCS_PROJECTS\VS2012\Cpp\simple_digits_multitreads\simple_digits_multitreads\Debug\link.11688.read.1.tlog
D:\__DOCS_PROJECTS\VS2012\Cpp\simple_digits_multitreads\simple_digits_multitreads\Debug\link.11688.write.1.tlog
D:\__DOCS_PROJECTS\VS2012\Cpp\simple_digits_multitreads\simple_digits_multitreads\Debug\link.11764-cvtres.read.1.tlog
D:\__DOCS_PROJECTS\VS2012\Cpp\simple_digits_multitreads\simple_digits_multitreads\Debug\link.11764-cvtres.write.1.tlog
D:\__DOCS_PROJECTS\VS2012\Cpp\simple_digits_multitreads\simple_digits_multitreads\Debug\link.11764-rc.read.1.tlog
D:\__DOCS_PROJECTS\VS2012\Cpp\simple_digits_multitreads\simple_digits_multitreads\Debug\link.11764-rc.write.1.tlog
D:\__DOCS_PROJECTS\VS2012\Cpp\simple_digits_multitreads\simple_digits_multitreads\Debug\link.11764.read.1.tlog
D:\__DOCS_PROJECTS\VS2012\Cpp\simple_digits_multitreads\simple_digits_multitreads\Debug\link.11764.write.1.tlog
D:\__DOCS_PROJECTS\VS2012\Cpp\simple_digits_multitreads\simple_digits_multitreads\Debug\link.12332-cvtres.read.1.tlog
D:\__DOCS_PROJECTS\VS2012\Cpp\simple_digits_multitreads\simple_digits_multitreads\Debug\link.12332-cvtres.write.1.tlog
D:\__DOCS_PROJECTS\VS2012\Cpp\simple_digits_multitreads\simple_digits_multitreads\Debug\link.12332-rc.read.1.tlog
D:\__DOCS_PROJECTS\VS2012\Cpp\simple_digits_multitreads\simple_digits_multitreads\Debug\link.12332-rc.write.1.tlog
D:\__DOCS_PROJECTS\VS2012\Cpp\simple_digits_multitreads\simple_digits_multitreads\Debug\link.12332.read.1.tlog
D:\__DOCS_PROJECTS\VS2012\Cpp\simple_digits_multitreads\simple_digits_multitreads\Debug\link.12332.write.1.tlog
D:\__DOCS_PROJECTS\VS2012\Cpp\simple_digits_multitreads\simple_digits_multitreads\Debug\link.13252-cvtres.read.1.tlog
D:\__DOCS_PROJECTS\VS2012\Cpp\simple_digits_multitreads\simple_digits_multitreads\Debug\link.13252-cvtres.write.1.tlog
D:\__DOCS_PROJECTS\VS2012\Cpp\simple_digits_multitreads\simple_digits_multitreads\Debug\link.13252-rc.read.1.tlog
D:\__DOCS_PROJECTS\VS2012\Cpp\simple_digits_multitreads\simple_digits_multitreads\Debug\link.13252-rc.write.1.tlog
D:\__DOCS_PROJECTS\VS2012\Cpp\simple_digits_multitreads\simple_digits_multitreads\Debug\link.13252.read.1.tlog
D:\__DOCS_PROJECTS\VS2012\Cpp\simple_digits_multitreads\simple_digits_multitreads\Debug\link.13252.write.1.tlog
D:\__DOCS_PROJECTS\VS2012\Cpp\simple_digits_multitreads\simple_digits_multitreads\Debug\link.13324-cvtres.read.1.tlog
D:\__DOCS_PROJECTS\VS2012\Cpp\simple_digits_multitreads\simple_digits_multitreads\Debug\link.13324-cvtres.write.1.tlog
D:\__DOCS_PROJECTS\VS2012\Cpp\simple_digits_multitreads\simple_digits_multitreads\Debug\link.13324-rc.read.1.tlog
D:\__DOCS_PROJECTS\VS2012\Cpp\simple_digits_multitreads\simple_digits_multitreads\Debug\link.13324-rc.write.1.tlog
D:\__DOCS_PROJECTS\VS2012\Cpp\simple_digits_multitreads\simple_digits_multitreads\Debug\link.13324.read.1.tlog
D:\__DOCS_PROJECTS\VS2012\Cpp\simple_digits_multitreads\simple_digits_multitreads\Debug\link.13324.write.1.tlog
D:\__DOCS_PROJECTS\VS2012\Cpp\simple_digits_multitreads\simple_digits_multitreads\Debug\link.13416-cvtres.read.1.tlog
D:\__DOCS_PROJECTS\VS2012\Cpp\simple_digits_multitreads\simple_digits_multitreads\Debug\link.13416-cvtres.write.1.tlog
D:\__DOCS_PROJECTS\VS2012\Cpp\simple_digits_multitreads\simple_digits_multitreads\Debug\link.13416-rc.read.1.tlog
D:\__DOCS_PROJECTS\VS2012\Cpp\simple_digits_multitreads\simple_digits_multitreads\Debug\link.13416-rc.write.1.tlog
D:\__DOCS_PROJECTS\VS2012\Cpp\simple_digits_multitreads\simple_digits_multitreads\Debug\link.13416.read.1.tlog
D:\__DOCS_PROJECTS\VS2012\Cpp\simple_digits_multitreads\simple_digits_multitreads\Debug\link.13416.write.1.tlog
D:\__DOCS_PROJECTS\VS2012\Cpp\simple_digits_multitreads\simple_digits_multitreads\Debug\link.13644-cvtres.read.1.tlog
D:\__DOCS_PROJECTS\VS2012\Cpp\simple_digits_multitreads\simple_digits_multitreads\Debug\link.13644-cvtres.write.1.tlog
D:\__DOCS_PROJECTS\VS2012\Cpp\simple_digits_multitreads\simple_digits_multitreads\Debug\link.13644-rc.read.1.tlog
D:\__DOCS_PROJECTS\VS2012\Cpp\simple_digits_multitreads\simple_digits_multitreads\Debug\link.13644-rc.write.1.tlog
D:\__DOCS_PROJECTS\VS2012\Cpp\simple_digits_multitreads\simple_digits_multitreads\Debug\link.13644.read.1.tlog
D:\__DOCS_PROJECTS\VS2012\Cpp\simple_digits_multitreads\simple_digits_multitreads\Debug\link.13644.write.1.tlog
D:\__DOCS_PROJECTS\VS2012\Cpp\simple_digits_multitreads\simple_digits_multitreads\Debug\link.1372-cvtres.read.1.tlog
D:\__DOCS_PROJECTS\VS2012\Cpp\simple_digits_multitreads\simple_digits_multitreads\Debug\link.1372-cvtres.write.1.tlog
D:\__DOCS_PROJECTS\VS2012\Cpp\simple_digits_multitreads\simple_digits_multitreads\Debug\link.1372-rc.read.1.tlog
D:\__DOCS_PROJECTS\VS2012\Cpp\simple_digits_multitreads\simple_digits_multitreads\Debug\link.1372-rc.write.1.tlog
D:\__DOCS_PROJECTS\VS2012\Cpp\simple_digits_multitreads\simple_digits_multitreads\Debug\link.1372.read.1.tlog
D:\__DOCS_PROJECTS\VS2012\Cpp\simple_digits_multitreads\simple_digits_multitreads\Debug\link.1372.write.1.tlog
D:\__DOCS_PROJECTS\VS2012\Cpp\simple_digits_multitreads\simple_digits_multitreads\Debug\link.2484-cvtres.read.1.tlog
D:\__DOCS_PROJECTS\VS2012\Cpp\simple_digits_multitreads\simple_digits_multitreads\Debug\link.2484-cvtres.write.1.tlog
D:\__DOCS_PROJECTS\VS2012\Cpp\simple_digits_multitreads\simple_digits_multitreads\Debug\link.2484-rc.read.1.tlog
D:\__DOCS_PROJECTS\VS2012\Cpp\simple_digits_multitreads\simple_digits_multitreads\Debug\link.2484-rc.write.1.tlog
D:\__DOCS_PROJECTS\VS2012\Cpp\simple_digits_multitreads\simple_digits_multitreads\Debug\link.2484.read.1.tlog
D:\__DOCS_PROJECTS\VS2012\Cpp\simple_digits_multitreads\simple_digits_multitreads\Debug\link.2484.write.1.tlog
D:\__DOCS_PROJECTS\VS2012\Cpp\simple_digits_multitreads\simple_digits_multitreads\Debug\link.3492-cvtres.read.1.tlog
D:\__DOCS_PROJECTS\VS2012\Cpp\simple_digits_multitreads\simple_digits_multitreads\Debug\link.3492-cvtres.write.1.tlog
D:\__DOCS_PROJECTS\VS2012\Cpp\simple_digits_multitreads\simple_digits_multitreads\Debug\link.3492-rc.read.1.tlog
D:\__DOCS_PROJECTS\VS2012\Cpp\simple_digits_multitreads\simple_digits_multitreads\Debug\link.3492-rc.write.1.tlog
D:\__DOCS_PROJECTS\VS2012\Cpp\simple_digits_multitreads\simple_digits_multitreads\Debug\link.3492.read.1.tlog
D:\__DOCS_PROJECTS\VS2012\Cpp\simple_digits_multitreads\simple_digits_multitreads\Debug\link.3492.write.1.tlog
D:\__DOCS_PROJECTS\VS2012\Cpp\simple_digits_multitreads\simple_digits_multitreads\Debug\link.4240-cvtres.read.1.tlog
D:\__DOCS_PROJECTS\VS2012\Cpp\simple_digits_multitreads\simple_digits_multitreads\Debug\link.4240-cvtres.write.1.tlog
D:\__DOCS_PROJECTS\VS2012\Cpp\simple_digits_multitreads\simple_digits_multitreads\Debug\link.4240-rc.read.1.tlog
D:\__DOCS_PROJECTS\VS2012\Cpp\simple_digits_multitreads\simple_digits_multitreads\Debug\link.4240-rc.write.1.tlog
D:\__DOCS_PROJECTS\VS2012\Cpp\simple_digits_multitreads\simple_digits_multitreads\Debug\link.4240.read.1.tlog
D:\__DOCS_PROJECTS\VS2012\Cpp\simple_digits_multitreads\simple_digits_multitreads\Debug\link.4240.write.1.tlog
D:\__DOCS_PROJECTS\VS2012\Cpp\simple_digits_multitreads\simple_digits_multitreads\Debug\link.4648-cvtres.read.1.tlog
D:\__DOCS_PROJECTS\VS2012\Cpp\simple_digits_multitreads\simple_digits_multitreads\Debug\link.4648-cvtres.write.1.tlog
D:\__DOCS_PROJECTS\VS2012\Cpp\simple_digits_multitreads\simple_digits_multitreads\Debug\link.4648-rc.read.1.tlog
D:\__DOCS_PROJECTS\VS2012\Cpp\simple_digits_multitreads\simple_digits_multitreads\Debug\link.4648-rc.write.1.tlog
D:\__DOCS_PROJECTS\VS2012\Cpp\simple_digits_multitreads\simple_digits_multitreads\Debug\link.4648.read.1.tlog
D:\__DOCS_PROJECTS\VS2012\Cpp\simple_digits_multitreads\simple_digits_multitreads\Debug\link.4648.write.1.tlog
D:\__DOCS_PROJECTS\VS2012\Cpp\simple_digits_multitreads\simple_digits_multitreads\Debug\link.5008-cvtres.read.1.tlog
D:\__DOCS_PROJECTS\VS2012\Cpp\simple_digits_multitreads\simple_digits_multitreads\Debug\link.5008-cvtres.write.1.tlog
D:\__DOCS_PROJECTS\VS2012\Cpp\simple_digits_multitreads\simple_digits_multitreads\Debug\link.5008-rc.read.1.tlog
D:\__DOCS_PROJECTS\VS2012\Cpp\simple_digits_multitreads\simple_digits_multitreads\Debug\link.5008-rc.write.1.tlog
D:\__DOCS_PROJECTS\VS2012\Cpp\simple_digits_multitreads\simple_digits_multitreads\Debug\link.5008.read.1.tlog
D:\__DOCS_PROJECTS\VS2012\Cpp\simple_digits_multitreads\simple_digits_multitreads\Debug\link.5008.write.1.tlog
D:\__DOCS_PROJECTS\VS2012\Cpp\simple_digits_multitreads\simple_digits_multitreads\Debug\link.5308-cvtres.read.1.tlog
D:\__DOCS_PROJECTS\VS2012\Cpp\simple_digits_multitreads\simple_digits_multitreads\Debug\link.5308-cvtres.write.1.tlog
D:\__DOCS_PROJECTS\VS2012\Cpp\simple_digits_multitreads\simple_digits_multitreads\Debug\link.5308-rc.read.1.tlog
D:\__DOCS_PROJECTS\VS2012\Cpp\simple_digits_multitreads\simple_digits_multitreads\Debug\link.5308-rc.write.1.tlog
D:\__DOCS_PROJECTS\VS2012\Cpp\simple_digits_multitreads\simple_digits_multitreads\Debug\link.5308.read.1.tlog
D:\__DOCS_PROJECTS\VS2012\Cpp\simple_digits_multitreads\simple_digits_multitreads\Debug\link.5308.write.1.tlog
D:\__DOCS_PROJECTS\VS2012\Cpp\simple_digits_multitreads\simple_digits_multitreads\Debug\link.5420-cvtres.read.1.tlog
D:\__DOCS_PROJECTS\VS2012\Cpp\simple_digits_multitreads\simple_digits_multitreads\Debug\link.5420-cvtres.write.1.tlog
D:\__DOCS_PROJECTS\VS2012\Cpp\simple_digits_multitreads\simple_digits_multitreads\Debug\link.5420-rc.read.1.tlog
D:\__DOCS_PROJECTS\VS2012\Cpp\simple_digits_multitreads\simple_digits_multitreads\Debug\link.5420-rc.write.1.tlog
D:\__DOCS_PROJECTS\VS2012\Cpp\simple_digits_multitreads\simple_digits_multitreads\Debug\link.5420.read.1.tlog
D:\__DOCS_PROJECTS\VS2012\Cpp\simple_digits_multitreads\simple_digits_multitreads\Debug\link.5420.write.1.tlog
D:\__DOCS_PROJECTS\VS2012\Cpp\simple_digits_multitreads\simple_digits_multitreads\Debug\link.6492-cvtres.read.1.tlog
D:\__DOCS_PROJECTS\VS2012\Cpp\simple_digits_multitreads\simple_digits_multitreads\Debug\link.6492-cvtres.write.1.tlog
D:\__DOCS_PROJECTS\VS2012\Cpp\simple_digits_multitreads\simple_digits_multitreads\Debug\link.6492-rc.read.1.tlog
D:\__DOCS_PROJECTS\VS2012\Cpp\simple_digits_multitreads\simple_digits_multitreads\Debug\link.6492-rc.write.1.tlog
D:\__DOCS_PROJECTS\VS2012\Cpp\simple_digits_multitreads\simple_digits_multitreads\Debug\link.6492.read.1.tlog
D:\__DOCS_PROJECTS\VS2012\Cpp\simple_digits_multitreads\simple_digits_multitreads\Debug\link.6492.write.1.tlog
D:\__DOCS_PROJECTS\VS2012\Cpp\simple_digits_multitreads\simple_digits_multitreads\Debug\link.6784-cvtres.read.1.tlog
D:\__DOCS_PROJECTS\VS2012\Cpp\simple_digits_multitreads\simple_digits_multitreads\Debug\link.6784-cvtres.write.1.tlog
D:\__DOCS_PROJECTS\VS2012\Cpp\simple_digits_multitreads\simple_digits_multitreads\Debug\link.6784-rc.read.1.tlog
D:\__DOCS_PROJECTS\VS2012\Cpp\simple_digits_multitreads\simple_digits_multitreads\Debug\link.6784-rc.write.1.tlog
D:\__DOCS_PROJECTS\VS2012\Cpp\simple_digits_multitreads\simple_digits_multitreads\Debug\link.6784.read.1.tlog
D:\__DOCS_PROJECTS\VS2012\Cpp\simple_digits_multitreads\simple_digits_multitreads\Debug\link.6784.write.1.tlog
D:\__DOCS_PROJECTS\VS2012\Cpp\simple_digits_multitreads\simple_digits_multitreads\Debug\link.7004-cvtres.read.1.tlog
D:\__DOCS_PROJECTS\VS2012\Cpp\simple_digits_multitreads\simple_digits_multitreads\Debug\link.7004-cvtres.write.1.tlog
D:\__DOCS_PROJECTS\VS2012\Cpp\simple_digits_multitreads\simple_digits_multitreads\Debug\link.7004-rc.read.1.tlog
D:\__DOCS_PROJECTS\VS2012\Cpp\simple_digits_multitreads\simple_digits_multitreads\Debug\link.7004-rc.write.1.tlog
D:\__DOCS_PROJECTS\VS2012\Cpp\simple_digits_multitreads\simple_digits_multitreads\Debug\link.7004.read.1.tlog
D:\__DOCS_PROJECTS\VS2012\Cpp\simple_digits_multitreads\simple_digits_multitreads\Debug\link.7004.write.1.tlog
D:\__DOCS_PROJECTS\VS2012\Cpp\simple_digits_multitreads\simple_digits_multitreads\Debug\link.8020-cvtres.read.1.tlog
D:\__DOCS_PROJECTS\VS2012\Cpp\simple_digits_multitreads\simple_digits_multitreads\Debug\link.8020-cvtres.write.1.tlog
D:\__DOCS_PROJECTS\VS2012\Cpp\simple_digits_multitreads\simple_digits_multitreads\Debug\link.8020-rc.read.1.tlog
D:\__DOCS_PROJECTS\VS2012\Cpp\simple_digits_multitreads\simple_digits_multitreads\Debug\link.8020-rc.write.1.tlog
D:\__DOCS_PROJECTS\VS2012\Cpp\simple_digits_multitreads\simple_digits_multitreads\Debug\link.8020.read.1.tlog
D:\__DOCS_PROJECTS\VS2012\Cpp\simple_digits_multitreads\simple_digits_multitreads\Debug\link.8020.write.1.tlog
D:\__DOCS_PROJECTS\VS2012\Cpp\simple_digits_multitreads\simple_digits_multitreads\Debug\link.8568-cvtres.read.1.tlog
D:\__DOCS_PROJECTS\VS2012\Cpp\simple_digits_multitreads\simple_digits_multitreads\Debug\link.8568-cvtres.write.1.tlog
D:\__DOCS_PROJECTS\VS2012\Cpp\simple_digits_multitreads\simple_digits_multitreads\Debug\link.8568-rc.read.1.tlog
D:\__DOCS_PROJECTS\VS2012\Cpp\simple_digits_multitreads\simple_digits_multitreads\Debug\link.8568-rc.write.1.tlog
D:\__DOCS_PROJECTS\VS2012\Cpp\simple_digits_multitreads\simple_digits_multitreads\Debug\link.8568.read.1.tlog
D:\__DOCS_PROJECTS\VS2012\Cpp\simple_digits_multitreads\simple_digits_multitreads\Debug\link.8568.write.1.tlog
D:\__DOCS_PROJECTS\VS2012\Cpp\simple_digits_multitreads\simple_digits_multitreads\Debug\link.8576-cvtres.read.1.tlog
D:\__DOCS_PROJECTS\VS2012\Cpp\simple_digits_multitreads\simple_digits_multitreads\Debug\link.8576-cvtres.write.1.tlog
D:\__DOCS_PROJECTS\VS2012\Cpp\simple_digits_multitreads\simple_digits_multitreads\Debug\link.8576-rc.read.1.tlog
D:\__DOCS_PROJECTS\VS2012\Cpp\simple_digits_multitreads\simple_digits_multitreads\Debug\link.8576-rc.write.1.tlog
D:\__DOCS_PROJECTS\VS2012\Cpp\simple_digits_multitreads\simple_digits_multitreads\Debug\link.8576.read.1.tlog
D:\__DOCS_PROJECTS\VS2012\Cpp\simple_digits_multitreads\simple_digits_multitreads\Debug\link.8576.write.1.tlog
D:\__DOCS_PROJECTS\VS2012\Cpp\simple_digits_multitreads\simple_digits_multitreads\Debug\link.8940-cvtres.read.1.tlog
D:\__DOCS_PROJECTS\VS2012\Cpp\simple_digits_multitreads\simple_digits_multitreads\Debug\link.8940-cvtres.write.1.tlog
D:\__DOCS_PROJECTS\VS2012\Cpp\simple_digits_multitreads\simple_digits_multitreads\Debug\link.8940-rc.read.1.tlog
D:\__DOCS_PROJECTS\VS2012\Cpp\simple_digits_multitreads\simple_digits_multitreads\Debug\link.8940-rc.write.1.tlog
D:\__DOCS_PROJECTS\VS2012\Cpp\simple_digits_multitreads\simple_digits_multitreads\Debug\link.8940.read.1.tlog
D:\__DOCS_PROJECTS\VS2012\Cpp\simple_digits_multitreads\simple_digits_multitreads\Debug\link.8940.write.1.tlog
D:\__DOCS_PROJECTS\VS2012\Cpp\simple_digits_multitreads\simple_digits_multitreads\Debug\link.9368-cvtres.read.1.tlog
D:\__DOCS_PROJECTS\VS2012\Cpp\simple_digits_multitreads\simple_digits_multitreads\Debug\link.9368-cvtres.write.1.tlog
D:\__DOCS_PROJECTS\VS2012\Cpp\simple_digits_multitreads\simple_digits_multitreads\Debug\link.9368-rc.read.1.tlog
D:\__DOCS_PROJECTS\VS2012\Cpp\simple_digits_multitreads\simple_digits_multitreads\Debug\link.9368-rc.write.1.tlog
D:\__DOCS_PROJECTS\VS2012\Cpp\simple_digits_multitreads\simple_digits_multitreads\Debug\link.9368.read.1.tlog
D:\__DOCS_PROJECTS\VS2012\Cpp\simple_digits_multitreads\simple_digits_multitreads\Debug\link.9368.write.1.tlog
D:\__DOCS_PROJECTS\VS2012\Cpp\simple_digits_multitreads\simple_digits_multitreads\Debug\link.command.1.tlog
D:\__DOCS_PROJECTS\VS2012\Cpp\simple_digits_multitreads\simple_digits_multitreads\Debug\link.read.1.tlog
D:\__DOCS_PROJECTS\VS2012\Cpp\simple_digits_multitreads\simple_digits_multitreads\Debug\link.write.1.tlog
D:\__DOCS_PROJECTS\VS2012\Cpp\simple_digits_multitreads\simple_digits_multitreads\Debug\vc110.idb
D:\__DOCS_PROJECTS\VS2012\Cpp\simple_digits_multitreads\simple_digits_multitreads\Debug\vc110.pdb
D:\__DOCS_PROJECTS\VS2012\Cpp\simple_digits_multitreads\Debug\simple_digits_multitreads.pdb
D:\__DOCS_PROJECTS\VS2012\Cpp\simple_digits_multitreads\Debug\simple_digits_multitreads.exe
D:\__DOCS_PROJECTS\VS2012\Cpp\simple_digits_multitreads\Debug\simple_digits_multitreads.ilk
